[debug] [2020-01-25T20:57:41.121Z] ----------------------------------------------------------------------
[debug] [2020-01-25T20:57:41.123Z] Command:       /usr/local/bin/firebase /Users/Rahul/.cache/firebase/tools/lib/node_modules/firebase-tools/lib/bin/firebase init
[debug] [2020-01-25T20:57:41.123Z] CLI Version:   7.12.1
[debug] [2020-01-25T20:57:41.123Z] Platform:      darwin
[debug] [2020-01-25T20:57:41.123Z] Node Version:  v12.13.1
[debug] [2020-01-25T20:57:41.132Z] Time:          Sat Jan 25 2020 14:57:41 GMT-0600 (Central Standard Time)
[debug] [2020-01-25T20:57:41.132Z] ----------------------------------------------------------------------
[debug] [2020-01-25T20:57:41.133Z] 
[debug] [2020-01-25T20:57:41.140Z] > command requires scopes: ["email","openid","https://www.googleapis.com/auth/cloudplatformprojects.readonly","https://www.googleapis.com/auth/firebase","https://www.googleapis.com/auth/cloud-platform"]
[debug] [2020-01-25T20:57:41.140Z] > authorizing via signed-in user
[info] 
     ######## #### ########  ######## ########     ###     ######  ########
     ##        ##  ##     ## ##       ##     ##  ##   ##  ##       ##
     ######    ##  ########  ######   ########  #########  ######  ######
     ##        ##  ##    ##  ##       ##     ## ##     ##       ## ##
     ##       #### ##     ## ######## ########  ##     ##  ######  ########

You're about to initialize a Firebase project in this directory:

  /Users/Rahul/Desktop/Tamuhack2020

[info] 
=== Project Setup
[info] 
[info] First, let's associate this project directory with a Firebase project.
[info] You can create multiple project aliases by running firebase use --add, 
[info] but for now we'll just set up a default project.
[info] 
[info] i  If you want to create a project in a Google Cloud organization or folder, please use "firebase projects:create" instead, and return to this command when you've created the project.
[debug] [2020-01-25T20:59:36.795Z] >>> HTTP REQUEST POST https://cloudresourcemanager.googleapis.com/v1/projects  

[debug] [2020-01-25T20:59:37.052Z] <<< HTTP RESPONSE 400
[debug] [2020-01-25T20:59:37.056Z] <<< HTTP RESPONSE BODY
[debug] [2020-01-25T20:59:37.058Z] HTTP Error: 400, field [project_id] has issue [project_id contains invalid characters]
[debug] [2020-01-25T20:59:37.132Z] FirebaseError: HTTP Error: 400, field [project_id] has issue [project_id contains invalid characters]
    at module.exports (/Users/Rahul/.cache/firebase/tools/lib/node_modules/firebase-tools/lib/responseToError.js:38:12)
    at Request._callback (/Users/Rahul/.cache/firebase/tools/lib/node_modules/firebase-tools/lib/api.js:39:35)
    at Request.self.callback (/Users/Rahul/.cache/firebase/tools/lib/node_modules/request/request.js:185:22)
    at Request.emit (events.js:210:5)
    at Request.EventEmitter.emit (domain.js:475:20)
    at Request.<anonymous> (/Users/Rahul/.cache/firebase/tools/lib/node_modules/request/request.js:1161:10)
    at Request.emit (events.js:210:5)
    at Request.EventEmitter.emit (domain.js:475:20)
    at IncomingMessage.<anonymous> (/Users/Rahul/.cache/firebase/tools/lib/node_modules/request/request.js:1083:12)
    at Object.onceWrapper (events.js:299:28)
    at IncomingMessage.emit (events.js:215:7)
    at IncomingMessage.EventEmitter.emit (domain.js:475:20)
    at endReadableNT (_stream_readable.js:1184:12)
    at processTicksAndRejections (internal/process/task_queues.js:80:21)
[error] 
[error] Error: Failed to create Google Cloud project. See firebase-debug.log for more info.
